[2025-02-19 02:36:10,894] root - INFO - Starting job_runner...
[2025-02-19 02:36:10,895] bhakti_study.components.common - INFO - Loading content data from /Users/bhaktiukey/Documents/case_assignment/case_study/bhakti_study/data/raw/content_data_MASTER.csv
[2025-02-19 02:36:10,899] bhakti_study.components.common - INFO - Loading labels data from /Users/bhaktiukey/Documents/case_assignment/case_study/bhakti_study/data/raw/labels_MASTER.csv
[2025-02-19 02:36:10,900] bhakti_study.components.common - INFO - Loading test data from /Users/bhaktiukey/Documents/case_assignment/case_study/bhakti_study/data/raw/test_MASTER.csv
[2025-02-19 02:36:10,900] bhakti_study.components.common - INFO - Renaming columns in labels data
[2025-02-19 02:36:10,901] bhakti_study.components.common - INFO - Merging content and labels data
[2025-02-19 02:36:10,904] bhakti_study.components.common - INFO - Dropping rows with missing titles, duplicates and resetting index
[2025-02-19 02:36:10,906] bhakti_study.components.common - INFO - Data loaded successfully
[2025-02-19 02:36:10,906] root - INFO - Data loaded successfully.
[2025-02-19 02:36:10,906] bhakti_study.components.common - INFO - Starting text preprocessing for labels data
[2025-02-19 02:36:10,909] bhakti_study.components.common - INFO - Text preprocessing complete
[2025-02-19 02:36:10,909] root - INFO - Data preprocessing complete.
[2025-02-19 02:36:10,909] root - INFO - Initializing Sentence Transformer model...
[2025-02-19 02:36:10,934] sentence_transformers.SentenceTransformer - INFO - Use pytorch device_name: mps
[2025-02-19 02:36:10,934] sentence_transformers.SentenceTransformer - INFO - Load pretrained SentenceTransformer: all-MiniLM-L6-v2
[2025-02-19 02:36:13,603] root - INFO - Running sentence model...
[2025-02-19 02:36:13,603] bhakti_study.components.common - INFO - Finding best threshold for classifying documents
[2025-02-19 02:39:59,875] bhakti_study.components.common - INFO - Best threshold found: 0.4 with macro F1: 0.7350781998084903
[2025-02-19 02:39:59,876] bhakti_study.components.common - INFO - Evaluating model performance using threshold: 0.4
[2025-02-19 02:40:02,199] bhakti_study.components.common - INFO - Classification Report:
              precision    recall  f1-score   support

NOT RELEVANT       0.58      0.65      0.62        43
    RELEVANT       0.87      0.84      0.85       123

    accuracy                           0.79       166
   macro avg       0.73      0.74      0.74       166
weighted avg       0.80      0.79      0.79       166

[2025-02-19 02:40:02,199] bhakti_study.components.common - INFO - Generating recommendations for test data
[2025-02-19 02:40:02,282] bhakti_study.components.common - INFO - Recommendations generated successfully
[2025-02-19 02:40:02,283] root - INFO - Model sentence finished.
